Performing C++ SOURCE FILE Test CMAKE_HAVE_LIBC_PTHREAD failed with the following output:
Change Dir: /home/kit/Documents/cita_project/build/CMakeFiles/CMakeTmp

Run Build Command(s):/usr/bin/make cmTC_399e5/fast && /usr/bin/make -f CMakeFiles/cmTC_399e5.dir/build.make CMakeFiles/cmTC_399e5.dir/build
make[1]: Entering directory '/home/kit/Documents/cita_project/build/CMakeFiles/CMakeTmp'
Building CXX object CMakeFiles/cmTC_399e5.dir/src.cxx.o
/usr/bin/c++    -DCMAKE_HAVE_LIBC_PTHREAD   -std=gnu++2a -o CMakeFiles/cmTC_399e5.dir/src.cxx.o -c /home/kit/Documents/cita_project/build/CMakeFiles/CMakeTmp/src.cxx
Linking CXX executable cmTC_399e5
/usr/bin/cmake -E cmake_link_script CMakeFiles/cmTC_399e5.dir/link.txt --verbose=1
/usr/bin/c++   -DCMAKE_HAVE_LIBC_PTHREAD    CMakeFiles/cmTC_399e5.dir/src.cxx.o  -o cmTC_399e5 
/usr/bin/ld: CMakeFiles/cmTC_399e5.dir/src.cxx.o: in function `main':
src.cxx:(.text+0x46): undefined reference to `pthread_create'
/usr/bin/ld: src.cxx:(.text+0x52): undefined reference to `pthread_detach'
/usr/bin/ld: src.cxx:(.text+0x63): undefined reference to `pthread_join'
collect2: error: ld returned 1 exit status
make[1]: *** [CMakeFiles/cmTC_399e5.dir/build.make:87: cmTC_399e5] Error 1
make[1]: Leaving directory '/home/kit/Documents/cita_project/build/CMakeFiles/CMakeTmp'
make: *** [Makefile:121: cmTC_399e5/fast] Error 2


Source file was:
#include <pthread.h>

void* test_func(void* data)
{
  return data;
}

int main(void)
{
  pthread_t thread;
  pthread_create(&thread, NULL, test_func, NULL);
  pthread_detach(thread);
  pthread_join(thread, NULL);
  pthread_atfork(NULL, NULL, NULL);
  pthread_exit(NULL);

  return 0;
}

Determining if the function pthread_create exists in the pthreads failed with the following output:
Change Dir: /home/kit/Documents/cita_project/build/CMakeFiles/CMakeTmp

Run Build Command(s):/usr/bin/make cmTC_27120/fast && /usr/bin/make -f CMakeFiles/cmTC_27120.dir/build.make CMakeFiles/cmTC_27120.dir/build
make[1]: Entering directory '/home/kit/Documents/cita_project/build/CMakeFiles/CMakeTmp'
Building CXX object CMakeFiles/cmTC_27120.dir/CheckFunctionExists.cxx.o
/usr/bin/c++    -DCHECK_FUNCTION_EXISTS=pthread_create   -std=gnu++2a -o CMakeFiles/cmTC_27120.dir/CheckFunctionExists.cxx.o -c /home/kit/Documents/cita_project/build/CMakeFiles/CheckLibraryExists/CheckFunctionExists.cxx
Linking CXX executable cmTC_27120
/usr/bin/cmake -E cmake_link_script CMakeFiles/cmTC_27120.dir/link.txt --verbose=1
/usr/bin/c++   -DCHECK_FUNCTION_EXISTS=pthread_create    CMakeFiles/cmTC_27120.dir/CheckFunctionExists.cxx.o  -o cmTC_27120  -lpthreads 
/usr/bin/ld: cannot find -lpthreads
collect2: error: ld returned 1 exit status
make[1]: *** [CMakeFiles/cmTC_27120.dir/build.make:87: cmTC_27120] Error 1
make[1]: Leaving directory '/home/kit/Documents/cita_project/build/CMakeFiles/CMakeTmp'
make: *** [Makefile:121: cmTC_27120/fast] Error 2



Performing C++ SOURCE FILE Test CMAKE_HAVE_LIBC_PTHREAD failed with the following output:
Change Dir: /home/kit/Documents/cita_project/build/CMakeFiles/CMakeTmp

Run Build Command(s):/usr/bin/make cmTC_122e3/fast && /usr/bin/make -f CMakeFiles/cmTC_122e3.dir/build.make CMakeFiles/cmTC_122e3.dir/build
make[1]: Entering directory '/home/kit/Documents/cita_project/build/CMakeFiles/CMakeTmp'
Building CXX object CMakeFiles/cmTC_122e3.dir/src.cxx.o
/usr/bin/c++    -DCMAKE_HAVE_LIBC_PTHREAD   -std=gnu++2a -o CMakeFiles/cmTC_122e3.dir/src.cxx.o -c /home/kit/Documents/cita_project/build/CMakeFiles/CMakeTmp/src.cxx
Linking CXX executable cmTC_122e3
/usr/bin/cmake -E cmake_link_script CMakeFiles/cmTC_122e3.dir/link.txt --verbose=1
/usr/bin/c++   -DCMAKE_HAVE_LIBC_PTHREAD    CMakeFiles/cmTC_122e3.dir/src.cxx.o  -o cmTC_122e3 
/usr/bin/ld: CMakeFiles/cmTC_122e3.dir/src.cxx.o: in function `main':
src.cxx:(.text+0x46): undefined reference to `pthread_create'
/usr/bin/ld: src.cxx:(.text+0x52): undefined reference to `pthread_detach'
/usr/bin/ld: src.cxx:(.text+0x63): undefined reference to `pthread_join'
collect2: error: ld returned 1 exit status
make[1]: *** [CMakeFiles/cmTC_122e3.dir/build.make:87: cmTC_122e3] Error 1
make[1]: Leaving directory '/home/kit/Documents/cita_project/build/CMakeFiles/CMakeTmp'
make: *** [Makefile:121: cmTC_122e3/fast] Error 2


Source file was:
#include <pthread.h>

void* test_func(void* data)
{
  return data;
}

int main(void)
{
  pthread_t thread;
  pthread_create(&thread, NULL, test_func, NULL);
  pthread_detach(thread);
  pthread_join(thread, NULL);
  pthread_atfork(NULL, NULL, NULL);
  pthread_exit(NULL);

  return 0;
}

Determining if the function pthread_create exists in the pthreads failed with the following output:
Change Dir: /home/kit/Documents/cita_project/build/CMakeFiles/CMakeTmp

Run Build Command(s):/usr/bin/make cmTC_f20b0/fast && /usr/bin/make -f CMakeFiles/cmTC_f20b0.dir/build.make CMakeFiles/cmTC_f20b0.dir/build
make[1]: Entering directory '/home/kit/Documents/cita_project/build/CMakeFiles/CMakeTmp'
Building CXX object CMakeFiles/cmTC_f20b0.dir/CheckFunctionExists.cxx.o
/usr/bin/c++    -DCHECK_FUNCTION_EXISTS=pthread_create   -std=gnu++2a -o CMakeFiles/cmTC_f20b0.dir/CheckFunctionExists.cxx.o -c /home/kit/Documents/cita_project/build/CMakeFiles/CheckLibraryExists/CheckFunctionExists.cxx
Linking CXX executable cmTC_f20b0
/usr/bin/cmake -E cmake_link_script CMakeFiles/cmTC_f20b0.dir/link.txt --verbose=1
/usr/bin/c++   -DCHECK_FUNCTION_EXISTS=pthread_create    CMakeFiles/cmTC_f20b0.dir/CheckFunctionExists.cxx.o  -o cmTC_f20b0  -lpthreads 
/usr/bin/ld: cannot find -lpthreads
collect2: error: ld returned 1 exit status
make[1]: *** [CMakeFiles/cmTC_f20b0.dir/build.make:87: cmTC_f20b0] Error 1
make[1]: Leaving directory '/home/kit/Documents/cita_project/build/CMakeFiles/CMakeTmp'
make: *** [Makefile:121: cmTC_f20b0/fast] Error 2



